<?xml version="1.0" encoding="UTF-8"?>
<!-- Generated by org.testng.reporters.JUnitReportReporter -->
<testsuite skipped="0" hostname="M-Begins" name="Samplegittest.samplegittest" tests="1" failures="0" timestamp="22 Jun 2018 16:11:58 GMT" time="43.354" errors="0">
  <testcase name="logintest" time="43.354" classname="Samplegittest.samplegittest"/>
</testsuite> <!-- Samplegittest.samplegittest -->
